"../../../../../../Users/Lynx/Documents/Unreal Projects/05_TestingGrounds/TestingGrounds/Content/Dynamic/Character/AI/PatrolData.uasset" 0
"../../../../../../Users/Lynx/Documents/Unreal Projects/05_TestingGrounds/TestingGrounds/Content/Dynamic/Character/AI/Chase.uasset" 1
"../../../../../../Users/Lynx/Documents/Unreal Projects/05_TestingGrounds/TestingGrounds/Content/Dynamic/Character/AI/FocusAtActor.uasset" 2
"../../../../../../Users/Lynx/Documents/Unreal Projects/05_TestingGrounds/TestingGrounds/Content/Dynamic/Character/AI/SetFocus.uasset" 3
"../../../../../../Users/Lynx/Documents/Unreal Projects/05_TestingGrounds/TestingGrounds/Content/Static/NPC/Character/Mesh/UE4_Mannequin_Skeleton.uasset" 4
"../../../../../../Users/Lynx/Documents/Unreal Projects/05_TestingGrounds/TestingGrounds/Content/Dynamic/Character/Animations/TPAnamationClips/Aim_Space_Hip.uasset" 5
"../../../../../../Users/Lynx/Documents/Unreal Projects/05_TestingGrounds/TestingGrounds/Content/Dynamic/Character/Animations/TPAnamationClips/Crouch_Idle_Rifle_Ironsights.uasset" 6
"../../../../../../Users/Lynx/Documents/Unreal Projects/05_TestingGrounds/TestingGrounds/Content/Dynamic/Character/Animations/TPAnamationClips/Crouch_to_Stand_Rifle_Hip.uasset" 7
"../../../../../../Users/Lynx/Documents/Unreal Projects/05_TestingGrounds/TestingGrounds/Content/Dynamic/Character/Animations/TPAnamationClips/Crouch_to_Stand_Rifle_Ironsights.uasset" 8
"../../../../../../Users/Lynx/Documents/Unreal Projects/05_TestingGrounds/TestingGrounds/Content/Dynamic/Character/Animations/TPAnamationClips/Crouch_Walk_Bwd_Rifle_Ironsights.uasset" 9
"../../../../../../Users/Lynx/Documents/Unreal Projects/05_TestingGrounds/TestingGrounds/Content/Dynamic/Character/Animations/TPAnamationClips/Crouch_Walk_Fwd_Rifle_Ironsights.uasset" 10
"../../../../../../Users/Lynx/Documents/Unreal Projects/05_TestingGrounds/TestingGrounds/Content/Dynamic/Character/Animations/TPAnamationClips/Crouch_Walk_Lt_Rifle_Ironsights.uasset" 11
"../../../../../../Users/Lynx/Documents/Unreal Projects/05_TestingGrounds/TestingGrounds/Content/Dynamic/Character/Animations/TPAnamationClips/Crouch_Walk_Rt_Rifle_Ironsights.uasset" 12
"../../../../../../Users/Lynx/Documents/Unreal Projects/05_TestingGrounds/TestingGrounds/Content/Dynamic/Character/Animations/TPAnamationClips/Death_1.uasset" 13
"../../../../../../Users/Lynx/Documents/Unreal Projects/05_TestingGrounds/TestingGrounds/Content/Dynamic/Character/Animations/TPAnamationClips/Death_3.uasset" 14
"../../../../../../Users/Lynx/Documents/Unreal Projects/05_TestingGrounds/TestingGrounds/Content/Dynamic/Character/Animations/TPAnamationClips/Death_Ironsights_1.uasset" 15
"../../../../../../Users/Lynx/Documents/Unreal Projects/05_TestingGrounds/TestingGrounds/Content/Dynamic/Character/Animations/TPAnamationClips/Death_Ironsights_2.uasset" 16
"../../../../../../Users/Lynx/Documents/Unreal Projects/05_TestingGrounds/TestingGrounds/Content/Dynamic/Character/Animations/TPAnamationClips/Equip_Pistol_Standing.uasset" 17
"../../../../../../Users/Lynx/Documents/Unreal Projects/05_TestingGrounds/TestingGrounds/Content/Dynamic/Character/Animations/TPAnamationClips/Equip_Rifle_Standing.uasset" 18
"../../../../../../Users/Lynx/Documents/Unreal Projects/05_TestingGrounds/TestingGrounds/Content/Dynamic/Character/Animations/TPAnamationClips/Fire_Rifle_Hip.uasset" 19
"../../../../../../Users/Lynx/Documents/Unreal Projects/05_TestingGrounds/TestingGrounds/Content/Dynamic/Character/Animations/TPAnamationClips/Fire_Shotgun_Hip.uasset" 20
"../../../../../../Users/Lynx/Documents/Unreal Projects/05_TestingGrounds/TestingGrounds/Content/Dynamic/Character/Animations/TPAnamationClips/Fire_Shotgun_Ironsights.uasset" 21
"../../../../../../Users/Lynx/Documents/Unreal Projects/05_TestingGrounds/TestingGrounds/Content/Dynamic/Character/Animations/TPAnamationClips/Hit_React_1.uasset" 22
"../../../../../../Users/Lynx/Documents/Unreal Projects/05_TestingGrounds/TestingGrounds/Content/Dynamic/Character/Animations/TPAnamationClips/Hit_React_2.uasset" 23
"../../../../../../Users/Lynx/Documents/Unreal Projects/05_TestingGrounds/TestingGrounds/Content/Dynamic/Character/Animations/TPAnamationClips/Hit_React_3.uasset" 24
"../../../../../../Users/Lynx/Documents/Unreal Projects/05_TestingGrounds/TestingGrounds/Content/Dynamic/Character/Animations/TPAnamationClips/Hit_React_4.uasset" 25
"../../../../../../Users/Lynx/Documents/Unreal Projects/05_TestingGrounds/TestingGrounds/Content/Dynamic/Character/Animations/TPAnamationClips/Idle_Pistol.uasset" 26
"../../../../../../Users/Lynx/Documents/Unreal Projects/05_TestingGrounds/TestingGrounds/Content/Dynamic/Character/Animations/TPAnamationClips/Idle_Rifle_Hip_Break1.uasset" 27
"../../../../../../Users/Lynx/Documents/Unreal Projects/05_TestingGrounds/TestingGrounds/Content/Dynamic/Character/Animations/TPAnamationClips/Idle_Rifle_Hip_Break2.uasset" 28
"../../../../../../Users/Lynx/Documents/Unreal Projects/05_TestingGrounds/TestingGrounds/Content/Dynamic/Character/Animations/TPAnamationClips/Jump_From_Stand_Ironsights.uasset" 29
"../../../../../../Users/Lynx/Documents/Unreal Projects/05_TestingGrounds/TestingGrounds/Content/Dynamic/Character/Animations/TPAnamationClips/Prone_Death_1.uasset" 30
"../../../../../../Users/Lynx/Documents/Unreal Projects/05_TestingGrounds/TestingGrounds/Content/Dynamic/Character/Animations/TPAnamationClips/Prone_Death_2.uasset" 31
"../../../../../../Users/Lynx/Documents/Unreal Projects/05_TestingGrounds/TestingGrounds/Content/Dynamic/Character/Animations/TPAnamationClips/Prone_Fire_1.uasset" 32
"../../../../../../Users/Lynx/Documents/Unreal Projects/05_TestingGrounds/TestingGrounds/Content/Dynamic/Character/Animations/TPAnamationClips/Prone_Fire_2.uasset" 33
"../../../../../../Users/Lynx/Documents/Unreal Projects/05_TestingGrounds/TestingGrounds/Content/Dynamic/Character/Animations/TPAnamationClips/Prone_Idle.uasset" 34
"../../../../../../Users/Lynx/Documents/Unreal Projects/05_TestingGrounds/TestingGrounds/Content/Dynamic/Character/Animations/TPAnamationClips/Prone_Reload_Rifle.uasset" 35
"../../../../../../Users/Lynx/Documents/Unreal Projects/05_TestingGrounds/TestingGrounds/Content/Dynamic/Character/Animations/TPAnamationClips/Prone_Reload_Shotgun.uasset" 36
"../../../../../../Users/Lynx/Documents/Unreal Projects/05_TestingGrounds/TestingGrounds/Content/Dynamic/Character/Animations/TPAnamationClips/Prone_To_Stand.uasset" 37
"../../../../../../Users/Lynx/Documents/Unreal Projects/05_TestingGrounds/TestingGrounds/Content/Dynamic/Character/Animations/TPAnamationClips/Reload_Pistol.uasset" 38
"../../../../../../Users/Lynx/Documents/Unreal Projects/05_TestingGrounds/TestingGrounds/Content/Dynamic/Character/Animations/TPAnamationClips/Reload_Rifle_Hip.uasset" 39
"../../../../../../Users/Lynx/Documents/Unreal Projects/05_TestingGrounds/TestingGrounds/Content/Dynamic/Character/Animations/TPAnamationClips/Reload_Rifle_Ironsights.uasset" 40
"../../../../../../Users/Lynx/Documents/Unreal Projects/05_TestingGrounds/TestingGrounds/Content/Dynamic/Character/Animations/TPAnamationClips/Reload_Shotgun_Hip.uasset" 41
"../../../../../../Users/Lynx/Documents/Unreal Projects/05_TestingGrounds/TestingGrounds/Content/Dynamic/Character/Animations/TPAnamationClips/Reload_Shotgun_Ironsights.uasset" 42
"../../../../../../Users/Lynx/Documents/Unreal Projects/05_TestingGrounds/TestingGrounds/Content/Dynamic/Character/Animations/TPAnamationClips/Sprint_Fwd_Rifle.uasset" 43
"../../../../../../Users/Lynx/Documents/Unreal Projects/05_TestingGrounds/TestingGrounds/Content/Dynamic/Character/Animations/TPAnamationClips/Stand_to_Crouch_Rifle_Hip.uasset" 44
"../../../../../../Users/Lynx/Documents/Unreal Projects/05_TestingGrounds/TestingGrounds/Content/Dynamic/Character/Animations/TPAnamationClips/Stand_to_Crouch_Rifle_Ironsights.uasset" 45
"../../../../../../Users/Lynx/Documents/Unreal Projects/05_TestingGrounds/TestingGrounds/Content/Dynamic/Character/Animations/TPAnamationClips/Stand_To_Prone.uasset" 46
"../../../../../../Users/Lynx/Documents/Unreal Projects/05_TestingGrounds/TestingGrounds/Content/Static/Player/Character/Mesh/SK_Mannequin_Arms_Skeleton.uasset" 47
"../../../../../../Users/Lynx/Documents/Unreal Projects/05_TestingGrounds/TestingGrounds/Content/Dynamic/Character/Animations/FPAnimationClips/FirstPerson_Idle.uasset" 48
"../../../../../../Users/Lynx/Documents/Unreal Projects/05_TestingGrounds/TestingGrounds/Content/Dynamic/Character/Animations/FPAnimationClips/FirstPerson_JumpEnd.uasset" 49
"../../../../../../Users/Lynx/Documents/Unreal Projects/05_TestingGrounds/TestingGrounds/Content/Dynamic/Character/Animations/FPAnimationClips/FirstPerson_JumpLoop.uasset" 50
"../../../../../../Users/Lynx/Documents/Unreal Projects/05_TestingGrounds/TestingGrounds/Content/Dynamic/Character/Animations/FPAnimationClips/FirstPerson_JumpStart.uasset" 51
"../../../../../../Users/Lynx/Documents/Unreal Projects/05_TestingGrounds/TestingGrounds/Content/Dynamic/Character/Animations/FPAnimationClips/FirstPerson_Run.uasset" 52
"../../../Engine/Content/EditorBlueprintResources/StandardMacros.uasset" 53
"../../../../../../Users/Lynx/Documents/Unreal Projects/05_TestingGrounds/TestingGrounds/Content/Dynamic/Character/Animations/FirstPerson_AnimBP.uasset" 54
"../../../../../../Users/Lynx/Documents/Unreal Projects/05_TestingGrounds/TestingGrounds/Content/Dynamic/Character/Animations/FirstPerson_Fire.uasset" 55
"../../../../../../Users/Lynx/Documents/Unreal Projects/05_TestingGrounds/TestingGrounds/Content/Dynamic/Character/Animations/FPAnimationClips/FirstPersonFire_Montage.uasset" 56
"../../../../../../Users/Lynx/Documents/Unreal Projects/05_TestingGrounds/TestingGrounds/Content/Static/Player/Meshes/BaseMaterial.uasset" 57
"../../../../../../Users/Lynx/Documents/Unreal Projects/05_TestingGrounds/TestingGrounds/Content/Static/Player/Meshes/FirstPersonProjectileMaterial.uasset" 58
"../../../../../../Users/Lynx/Documents/Unreal Projects/05_TestingGrounds/TestingGrounds/Content/Static/Player/Meshes/FirstPersonProjectileMesh.uasset" 59
"../../../../../../Users/Lynx/Documents/Unreal Projects/05_TestingGrounds/TestingGrounds/Content/Dynamic/Weapons/Behaviour/FirstPersonProjectile.uasset" 60
"../../../../../../Users/Lynx/Documents/Unreal Projects/05_TestingGrounds/TestingGrounds/Content/Static/Player/Audio/FirstPersonTemplateWeaponFire02.uasset" 61
"../../../Engine/Content/Functions/Engine_MaterialFunctions02/Utility/BlendAngleCorrectedNormals.uasset" 62
"../../../Engine/Content/Functions/MaterialLayerFunctions/MatLayerBlend_NormalBlend.uasset" 63
"../../../Engine/Content/Functions/MaterialLayerFunctions/MatLayerBlend_Simple.uasset" 64
"../../../../../../Users/Lynx/Documents/Unreal Projects/05_TestingGrounds/TestingGrounds/Content/Static/Weapons/Materials/MaterialLayers/T_ML_Rubber_Blue_01_D.uasset" 65
"../../../../../../Users/Lynx/Documents/Unreal Projects/05_TestingGrounds/TestingGrounds/Content/Static/Weapons/Materials/MaterialLayers/T_ML_Rubber_Blue_01_N.uasset" 66
"../../../../../../Users/Lynx/Documents/Unreal Projects/05_TestingGrounds/TestingGrounds/Content/Static/Weapons/Materials/MaterialLayers/ML_GlossyBlack_Latex_UE4.uasset" 67
"../../../../../../Users/Lynx/Documents/Unreal Projects/05_TestingGrounds/TestingGrounds/Content/Static/Weapons/Materials/MaterialLayers/ML_Plastic_Shiny_Beige.uasset" 68
"../../../../../../Users/Lynx/Documents/Unreal Projects/05_TestingGrounds/TestingGrounds/Content/Static/Weapons/Materials/MaterialLayers/ML_Screen.uasset" 69
"../../../../../../Users/Lynx/Documents/Unreal Projects/05_TestingGrounds/TestingGrounds/Content/Static/Weapons/Materials/MaterialLayers/T_ML_Aluminum01.uasset" 70
"../../../../../../Users/Lynx/Documents/Unreal Projects/05_TestingGrounds/TestingGrounds/Content/Static/Weapons/Materials/MaterialLayers/T_ML_Aluminum01_N.uasset" 71
"../../../../../../Users/Lynx/Documents/Unreal Projects/05_TestingGrounds/TestingGrounds/Content/Static/Weapons/Materials/MaterialLayers/ML_SoftMetal_UE4.uasset" 72
"../../../../../../Users/Lynx/Documents/Unreal Projects/05_TestingGrounds/TestingGrounds/Content/Static/Weapons/Textures/T_FPGun_M.uasset" 73
"../../../../../../Users/Lynx/Documents/Unreal Projects/05_TestingGrounds/TestingGrounds/Content/Static/Weapons/Textures/T_FPGun_N.uasset" 74
"../../../../../../Users/Lynx/Documents/Unreal Projects/05_TestingGrounds/TestingGrounds/Content/Static/Weapons/Materials/M_FPGun.uasset" 75
"../../../../../../Users/Lynx/Documents/Unreal Projects/05_TestingGrounds/TestingGrounds/Content/Static/Weapons/Mesh/SK_FPGun_Skeleton.uasset" 76
"../../../../../../Users/Lynx/Documents/Unreal Projects/05_TestingGrounds/TestingGrounds/Content/Static/Weapons/Mesh/SK_FPGun.uasset" 77
"../../../../../../Users/Lynx/Documents/Unreal Projects/05_TestingGrounds/TestingGrounds/Content/Dynamic/Weapons/Behaviour/Gun.uasset" 78
"../../../../../../Users/Lynx/Documents/Unreal Projects/05_TestingGrounds/TestingGrounds/Content/Static/Player/Character/Materials/MaterialLayers/T_ML_Rubber_Blue_01_D.uasset" 79
"../../../../../../Users/Lynx/Documents/Unreal Projects/05_TestingGrounds/TestingGrounds/Content/Static/Player/Character/Materials/MaterialLayers/T_ML_Rubber_Blue_01_N.uasset" 80
"../../../../../../Users/Lynx/Documents/Unreal Projects/05_TestingGrounds/TestingGrounds/Content/Static/Player/Character/Materials/MaterialLayers/ML_GlossyBlack_Latex_UE4.uasset" 81
"../../../../../../Users/Lynx/Documents/Unreal Projects/05_TestingGrounds/TestingGrounds/Content/Static/Player/Character/Materials/MaterialLayers/ML_Plastic_Shiny_Beige.uasset" 82
"../../../../../../Users/Lynx/Documents/Unreal Projects/05_TestingGrounds/TestingGrounds/Content/Static/Player/Character/Textures/UE4_LOGO_CARD.uasset" 83
"../../../../../../Users/Lynx/Documents/Unreal Projects/05_TestingGrounds/TestingGrounds/Content/Static/Player/Character/Materials/MaterialLayers/ML_Plastic_Shiny_Beige_LOGO.uasset" 84
"../../../../../../Users/Lynx/Documents/Unreal Projects/05_TestingGrounds/TestingGrounds/Content/Static/Player/Character/Materials/MaterialLayers/T_ML_Aluminum01.uasset" 85
"../../../../../../Users/Lynx/Documents/Unreal Projects/05_TestingGrounds/TestingGrounds/Content/Static/Player/Character/Materials/MaterialLayers/T_ML_Aluminum01_N.uasset" 86
"../../../../../../Users/Lynx/Documents/Unreal Projects/05_TestingGrounds/TestingGrounds/Content/Static/Player/Character/Materials/MaterialLayers/ML_SoftMetal_UE4.uasset" 87
"../../../../../../Users/Lynx/Documents/Unreal Projects/05_TestingGrounds/TestingGrounds/Content/Static/Player/Character/Textures/UE4_Mannequin__normals.uasset" 88
"../../../../../../Users/Lynx/Documents/Unreal Projects/05_TestingGrounds/TestingGrounds/Content/Static/Player/Character/Textures/UE4_Mannequin_MAT_MASKA.uasset" 89
"../../../../../../Users/Lynx/Documents/Unreal Projects/05_TestingGrounds/TestingGrounds/Content/Static/Player/Character/Materials/M_UE4Man_Body.uasset" 90
"../../../../../../Users/Lynx/Documents/Unreal Projects/05_TestingGrounds/TestingGrounds/Content/Static/Player/Character/Mesh/SK_Mannequin_Arms_PhysicsAsset.uasset" 91
"../../../../../../Users/Lynx/Documents/Unreal Projects/05_TestingGrounds/TestingGrounds/Content/Static/Player/Character/Mesh/SK_Mannequin_Arms.uasset" 92
"../../../../../../Users/Lynx/Documents/Unreal Projects/05_TestingGrounds/TestingGrounds/Content/Dynamic/Character/Behaviour/FirstPersonCharacter.uasset" 93
"../../../../../../Users/Lynx/Documents/Unreal Projects/05_TestingGrounds/TestingGrounds/Content/Static/Geometry/Meshes/CubeMaterial.uasset" 94
"../../../../../../Users/Lynx/Documents/Unreal Projects/05_TestingGrounds/TestingGrounds/Content/Static/Geometry/Meshes/1M_Cube_Chamfer.uasset" 95
"../../../../../../Users/Lynx/Documents/Unreal Projects/05_TestingGrounds/TestingGrounds/Content/Static/Geometry/Meshes/RampMaterial.uasset" 96
"../../../../../../Users/Lynx/Documents/Unreal Projects/05_TestingGrounds/TestingGrounds/Content/Static/Geometry/Meshes/Bump_StaticMesh.uasset" 97
"../../../../../../Users/Lynx/Documents/Unreal Projects/05_TestingGrounds/TestingGrounds/Content/Static/Geometry/Meshes/LeftArm_StaticMesh.uasset" 98
"../../../../../../Users/Lynx/Documents/Unreal Projects/05_TestingGrounds/TestingGrounds/Content/Static/Geometry/Meshes/Linear_Stair_StaticMesh.uasset" 99
"../../../../../../Users/Lynx/Documents/Unreal Projects/05_TestingGrounds/TestingGrounds/Content/Static/Geometry/Meshes/Ramp_StaticMesh.uasset" 100
"../../../../../../Users/Lynx/Documents/Unreal Projects/05_TestingGrounds/TestingGrounds/Content/Static/Geometry/Meshes/RightArm_StaticMesh.uasset" 101
"../../../../../../Users/Lynx/Documents/Unreal Projects/05_TestingGrounds/TestingGrounds/Content/Static/Geometry/Meshes/TemplateFloor.uasset" 102
"../../../../../../Users/Lynx/Documents/Unreal Projects/05_TestingGrounds/TestingGrounds/Content/Static/NPC/Character/Textures/UE4Man_Logo_N.uasset" 103
"../../../../../../Users/Lynx/Documents/Unreal Projects/05_TestingGrounds/TestingGrounds/Content/Static/Player/Meshes/CubeMaterialOverride.uasset" 104
"../../../../../../Users/Lynx/Documents/Unreal Projects/05_TestingGrounds/TestingGrounds/Content/Static/Player/Textures/FirstPersonCrosshair.uasset" 105
"../../../../../../Users/Lynx/Documents/Unreal Projects/05_TestingGrounds/TestingGrounds/Content/Static/Weapons/Materials/MaterialLayers/ML_Plastic_Shiny_Beige_LOGO.uasset" 106
"../../../../../../Users/Lynx/Documents/Unreal Projects/05_TestingGrounds/TestingGrounds/Content/Static/Weapons/Materials/MaterialLayers/T_ML_FineRubber.uasset" 107
"../../../../../../Users/Lynx/Documents/Unreal Projects/05_TestingGrounds/TestingGrounds/Content/Static/Weapons/Mesh/SK_FPGun_PhysicsAsset.uasset" 108
"../../../Engine/Content/Functions/Engine_MaterialFunctions01/Opacity/CameraDepthFade.uasset" 109
"../../../Engine/Content/EngineMaterials/T_Default_Material_Grid_M.uasset" 110
"../../../Engine/Content/EngineMaterials/T_Default_Material_Grid_N.uasset" 111
"../../../Engine/Content/EngineMaterials/WorldGridMaterial.uasset" 112
"../../../Engine/Content/ArtTools/RenderToTexture/Meshes/S_1_Unit_Plane.uasset" 113
"../../../Engine/Content/EngineMaterials/DefaultMaterial.uasset" 114
"../../../Engine/Content/BasicShapes/Cone.uasset" 115
"../../../Engine/Content/BasicShapes/Cube.uasset" 116
"../../../Engine/Content/BasicShapes/Cylinder.uasset" 117
"../../../Engine/Content/BasicShapes/Plane.uasset" 118
"../../../Engine/Content/BasicShapes/Sphere.uasset" 119
"../../../Engine/Content/EditorLandscapeResources/DataLayer.uasset" 120
"../../../Engine/Content/EditorMaterials/GizmoMaterial.uasset" 121
"../../../Engine/Content/EditorMaterials/MAT_Groups_Toggle.uasset" 122
"../../../Engine/Content/EditorMaterials/MAT_Groups_Visibility.uasset" 123
"../../../Engine/Content/EditorMaterials/PreviewShadowIndicator.uasset" 124
"../../../Engine/Content/EditorMaterials/PreviewShadowIndicatorMaterial.uasset" 125
"../../../Engine/Content/EditorMaterials/MatineeGroups/MAT_ColorTrack.uasset" 126
"../../../Engine/Content/EditorMaterials/MatineeGroups/MAT_Groups_Anim.uasset" 127
"../../../Engine/Content/EditorMaterials/MatineeGroups/MAT_Groups_AudioMaster.uasset" 128
"../../../Engine/Content/EditorMaterials/MatineeGroups/MAT_Groups_Director.uasset" 129
"../../../Engine/Content/EditorMaterials/MatineeGroups/MAT_Groups_Event.uasset" 130
"../../../Engine/Content/EditorMaterials/MatineeGroups/MAT_Groups_Fade.uasset" 131
"../../../Engine/Content/EditorMaterials/MatineeGroups/MAT_Groups_Float.uasset" 132
"../../../Engine/Content/EditorMaterials/MatineeGroups/MAT_Groups_Move.uasset" 133
"../../../Engine/Content/EditorMaterials/MatineeGroups/MAT_Groups_Slomo.uasset" 134
"../../../Engine/Content/EditorMaterials/MatineeGroups/MAT_Groups_Sound.uasset" 135
"../../../Engine/Content/EditorMaterials/MatineeGroups/MAT_Groups_Vector.uasset" 136
"../../../Engine/Content/EditorMaterials/ParticleSystems/PSysThumbnail_NoImage.uasset" 137
"../../../Engine/Content/EditorMaterials/ParticleSystems/PSysThumbnail_OOD.uasset" 138
"../../../Engine/Content/EditorMaterials/Camera/CineMat.uasset" 139
"../../../Engine/Content/EditorMaterials/Camera/MI_CineMat_Rig.uasset" 140
"../../../Engine/Content/EditorMeshes/Camera/SM_CraneRig_Arm.uasset" 141
"../../../Engine/Content/EditorMeshes/Camera/SM_CraneRig_Base.uasset" 142
"../../../Engine/Content/EditorMeshes/Camera/SM_CraneRig_Body.uasset" 143
"../../../Engine/Content/EditorMeshes/Camera/SM_CraneRig_Mount.uasset" 144
"../../../Engine/Content/EditorMeshes/Camera/SM_RailRig_Mount.uasset" 145
"../../../Engine/Content/EditorMeshes/Camera/SM_RailRig_Track.uasset" 146
"../../../Engine/Content/EditorResources/BSPVertex.uasset" 147
"../../../Engine/Content/EditorResources/EmptyActor.uasset" 148
"../../../Engine/Content/EditorResources/S_Actor.uasset" 149
"../../../Engine/Content/EditorResources/S_Trigger.uasset" 150
"../../../Engine/Content/EditorResources/LightIcons/S_LightError.uasset" 151
"../../../Engine/Content/EditorResources/SequenceRecorder/Countdown.uasset" 152
"../../../Engine/Content/EditorResources/SequenceRecorder/RecordingIndicator.uasset" 153
"../../../Engine/Content/EditorSounds/Notifications/CompileFailed.uasset" 154
"../../../Engine/Content/EditorSounds/Notifications/CompileFailed_Cue.uasset" 155
"../../../Engine/Content/EditorSounds/Notifications/CompileSuccess.uasset" 156
"../../../Engine/Content/EditorSounds/Notifications/CompileStart_Cue.uasset" 157
"../../../Engine/Content/EditorSounds/Notifications/CompileSuccess_Cue.uasset" 158
"../../../Engine/Content/EngineDamageTypes/DmgTypeBP_Environmental.uasset" 159
"../../../Engine/Content/EngineDebugMaterials/HeatmapGradient.uasset" 160
"../../../Engine/Content/EngineDebugMaterials/BoneWeightMaterial.uasset" 161
"../../../Engine/Content/EngineDebugMaterials/ClothMaterial.uasset" 162
"../../../Engine/Content/EngineDebugMaterials/ClothMaterial_WF.uasset" 163
"../../../Engine/Content/EngineDebugMaterials/DebugEditorMaterial.uasset" 164
"../../../Engine/Content/EngineDebugMaterials/DebugMeshMaterial.uasset" 165
"../../../Engine/Content/EngineDebugMaterials/GeomMaterial.uasset" 166
"../../../Engine/Content/EngineDebugMaterials/M_SimpleTranslucent.uasset" 167
"../../../Engine/Content/EngineFonts/Faces/RobotoBold.uasset" 168
"../../../Engine/Content/EngineFonts/Faces/RobotoBoldItalic.uasset" 169
"../../../Engine/Content/EngineFonts/Faces/RobotoItalic.uasset" 170
"../../../Engine/Content/EngineFonts/Faces/RobotoLight.uasset" 171
"../../../Engine/Content/EngineFonts/Faces/RobotoRegular.uasset" 172
"../../../Engine/Content/EngineFonts/Roboto.uasset" 173
"../../../Engine/Content/EngineFonts/Faces/RobotoTiny.uasset" 174
"../../../Engine/Content/EngineFonts/RobotoTiny.uasset" 175
"../../../Engine/Content/EngineMaterials/BaseFlattenDiffuseMap.uasset" 176
"../../../Engine/Content/EngineMaterials/BaseFlattenEmissiveMap.uasset" 177
"../../../Engine/Content/EngineMaterials/BaseFlattenGrayscaleMap.uasset" 178
"../../../Engine/Content/EngineMaterials/BaseFlattenNormalMap.uasset" 179
"../../../Engine/Content/EngineMaterials/BaseFlattenMaterial.uasset" 180
"../../../Engine/Content/EngineMaterials/DefaultBloomKernel.uasset" 181
"../../../Engine/Content/EngineMaterials/DefaultBokeh.uasset" 182
"../../../Engine/Content/EngineMaterials/DefaultDiffuse.uasset" 183
"../../../Engine/Content/EngineMaterials/DefaultDeferredDecalMaterial.uasset" 184
"../../../Engine/Content/EngineMaterials/DefaultLightFunctionMaterial.uasset" 185
"../../../Engine/Content/EngineMaterials/DefaultPhysicalMaterial.uasset" 186
"../../../Engine/Content/Functions/Engine_MaterialFunctions02/Utility/BreakOutFloat2Components.uasset" 187
"../../../Engine/Content/EngineMaterials/DefaultPostProcessMaterial.uasset" 188
"../../../Engine/Content/EngineFonts/RobotoDistanceField.uasset" 189
"../../../Engine/Content/EngineMaterials/DefaultTextMaterialOpaque.uasset" 190
"../../../Engine/Content/EngineMaterials/DefaultWhiteGrid.uasset" 191
"../../../Engine/Content/EngineMaterials/EditorBrushMaterial.uasset" 192
"../../../Engine/Content/EngineMaterials/Good64x64TilingNoiseHighFreq.uasset" 193
"../../../Engine/Content/EngineMaterials/MiniFont.uasset" 194
"../../../Engine/Content/EngineMaterials/InvalidLightmapSettings.uasset" 195
"../../../Engine/Content/EngineMaterials/M_InvalidLightmapSettings.uasset" 196
"../../../Engine/Content/Functions/Engine_MaterialFunctions02/WorldPositionOffset/CameraOffset.uasset" 197
"../../../Engine/Content/EngineMaterials/PhAT_JointLimitMaterial.uasset" 198
"../../../Engine/Content/EngineMaterials/PreintegratedSkinBRDF.uasset" 199
"../../../Engine/Content/EngineMaterials/RemoveSurfaceMaterial.uasset" 200
"../../../Engine/Content/EngineMaterials/WeightMapPlaceholderTexture.uasset" 201
"../../../Engine/Content/EngineResources/WhiteSquareTexture.uasset" 202
"../../../Engine/Content/EngineMaterials/Widget3DPassThrough.uasset" 203
"../../../Engine/Content/EngineMaterials/Widget3DPassThrough_Masked.uasset" 204
"../../../Engine/Content/EngineMaterials/Widget3DPassThrough_Opaque.uasset" 205
"../../../Engine/Content/EngineMaterials/Widget3DPassThrough_Masked_OneSided.uasset" 206
"../../../Engine/Content/EngineMaterials/Widget3DPassThrough_Opaque_OneSided.uasset" 207
"../../../Engine/Content/EngineMaterials/Widget3DPassThrough_Translucent.uasset" 208
"../../../Engine/Content/EngineMaterials/Widget3DPassThrough_Translucent_OneSided.uasset" 209
"../../../Engine/Content/EngineMeshes/Cylinder.uasset" 210
"../../../Engine/Content/EngineMeshes/Sphere.uasset" 211
"../../../Engine/Content/EngineResources/Black.uasset" 212
"../../../Engine/Content/EngineResources/DefaultTexture.uasset" 213
"../../../Engine/Content/EngineResources/DefaultTextureCube.uasset" 214
"../../../Engine/Content/EngineResources/DefaultVolumeTexture2D.uasset" 215
"../../../Engine/Content/EngineResources/DefaultVolumeTexture.uasset" 216
"../../../Engine/Content/EngineResources/GradientTexture0.uasset" 217
"../../../Engine/Content/EngineSounds/Master.uasset" 218
"../../../Engine/Content/Functions/Engine_MaterialFunctions01/Shading/ConvertFromDiffSpec.uasset" 219
"../../../Engine/Content/Functions/Engine_MaterialFunctions01/Shading/PowerToRoughness.uasset" 220
"../../../Engine/Content/Maps/Templates/Thumbnails/Default.uasset" 221
"../../../Engine/Content/Maps/Templates/Thumbnails/VR-Basic.uasset" 222
"../../../Engine/Content/MobileResources/T_MobileControls_texture.uasset" 223
"../../../Engine/Content/MobileResources/T_MobileMenu2.uasset" 224
"../../../Engine/Content/MobileResources/HUD/AnalogHat.uasset" 225
"../../../Engine/Content/MobileResources/HUD/VirtualJoystick_Background.uasset" 226
"../../../Engine/Content/MobileResources/HUD/VirtualJoystick_Thumb.uasset" 227
"../../../Engine/Content/MobileResources/HUD/DefaultVirtualJoysticks.uasset" 228
"../../../Engine/Content/MobileResources/HUD/LeftVirtualJoystickOnly.uasset" 229
"../../../Engine/Content/MobileResources/HUD/MobileHUDButton1_off.uasset" 230
"../../../Engine/Content/MobileResources/HUD/MobileHUDButton1_on.uasset" 231
"../../../Engine/Content/MobileResources/HUD/MobileHUDButton2_off.uasset" 232
"../../../Engine/Content/MobileResources/HUD/MobileHUDButton2_on.uasset" 233
"../../../Engine/Content/MobileResources/HUD/MobileHUDButton3.uasset" 234
"../../../Engine/Content/MobileResources/HUD/MobileHUDButtonFire.uasset" 235
"../../../Engine/Content/MobileResources/HUD/MobileHUDDirectionPad.uasset" 236
"../../../Engine/Content/MobileResources/HUD/MobileHUDDirectionPad2.uasset" 237
"../../../Engine/Content/MobileResources/HUD/MobileHUDDirectionPad3.uasset" 238
"../../../Engine/Content/MobileResources/HUD/MobileHUDDirectionStick.uasset" 239
"../../../Engine/Content/MobileResources/HUD/T_Castle_ThumbstickInner.uasset" 240
"../../../Engine/Content/MobileResources/HUD/T_Castle_ThumbstickOutter.uasset" 241
"../../../Engine/Content/Tutorial/ContentIntroCurve.uasset" 242
"../../../Engine/Content/VREditor/LaserPointer/VR_LaserPower_01.uasset" 243
"../../../Engine/Content/VREditor/TransformGizmo/TransformGizmoMaterial.uasset" 244
"../../../Engine/Content/VREditor/TransformGizmo/TranslucentTransformGizmoMaterial.uasset" 245
"../../../Engine/Content/VREditor/TransformGizmo/BoundingBoxCorner.uasset" 246
"../../../Engine/Content/VREditor/TransformGizmo/BoundingBoxEdge.uasset" 247
"../../../Engine/Content/VREditor/TransformGizmo/PlaneTranslationHandle.uasset" 248
"../../../Engine/Content/VREditor/TransformGizmo/Main.uasset" 249
"../../../Engine/Content/VREditor/TransformGizmo/Xray.uasset" 250
"../../../Engine/Content/VREditor/TransformGizmo/SM_Sequencer_Key.uasset" 251
"../../../Engine/Content/VREditor/TransformGizmo/SM_Sequencer_Node.uasset" 252
"../../Plugins/2D/Paper2D/Content/PlaceholderTextures/DummySpriteTexture.uasset" 253
"../../Plugins/2D/Paper2D/Content/DummySprite.uasset" 254
"../../Plugins/2D/Paper2D/Content/DefaultPaperTerrainMaterial.uasset" 255
"../../Plugins/2D/Paper2D/Content/DefaultSpriteMaterial.uasset" 256
"../../Plugins/2D/Paper2D/Content/MaskedUnlitSpriteMaterial.uasset" 257
"../../Plugins/2D/Paper2D/Content/OpaqueUnlitSpriteMaterial.uasset" 258
"../../../../../../Users/Lynx/Documents/Unreal Projects/05_TestingGrounds/TestingGrounds/Content/Dynamic/Character/Animations/TPAnamationClips/Aim_Space_Ironsights.uasset" 259
"../../../../../../Users/Lynx/Documents/Unreal Projects/05_TestingGrounds/TestingGrounds/Content/Dynamic/Character/Animations/AimOffsets/AimCenter.uasset" 260
"../../../../../../Users/Lynx/Documents/Unreal Projects/05_TestingGrounds/TestingGrounds/Content/Dynamic/Character/Animations/AimOffsets/AimDown.uasset" 261
"../../../../../../Users/Lynx/Documents/Unreal Projects/05_TestingGrounds/TestingGrounds/Content/Dynamic/Character/Animations/AimOffsets/AimUp.uasset" 262
"../../../../../../Users/Lynx/Documents/Unreal Projects/05_TestingGrounds/TestingGrounds/Content/Dynamic/Character/Animations/TPAnamationClips/Idle_Rifle_Ironsights.uasset" 263
"../../../../../../Users/Lynx/Documents/Unreal Projects/05_TestingGrounds/TestingGrounds/Content/Dynamic/Character/Animations/AimOffsets/AimOffset.uasset" 264
"../../../../../../Users/Lynx/Documents/Unreal Projects/05_TestingGrounds/TestingGrounds/Content/Dynamic/Character/Animations/TPAnamationClips/Crouch_Idle_Rifle_Hip.uasset" 265
"../../../../../../Users/Lynx/Documents/Unreal Projects/05_TestingGrounds/TestingGrounds/Content/Dynamic/Character/Animations/TPAnamationClips/Death_2.uasset" 266
"../../../../../../Users/Lynx/Documents/Unreal Projects/05_TestingGrounds/TestingGrounds/Content/Dynamic/Character/Animations/TPAnamationClips/Fire_Rifle_Ironsights.uasset" 267
"../../../../../../Users/Lynx/Documents/Unreal Projects/05_TestingGrounds/TestingGrounds/Content/Dynamic/Character/Animations/TPAnamationClips/Fire_Rifle_Ironsights_additive.uasset" 268
"../../../../../../Users/Lynx/Documents/Unreal Projects/05_TestingGrounds/TestingGrounds/Content/Dynamic/Character/Animations/TPAnamationClips/Idle_Rifle_Hip.uasset" 269
"../../../../../../Users/Lynx/Documents/Unreal Projects/05_TestingGrounds/TestingGrounds/Content/Dynamic/Character/Animations/TPAnamationClips/Jump_From_Jog.uasset" 270
"../../../../../../Users/Lynx/Documents/Unreal Projects/05_TestingGrounds/TestingGrounds/Content/Dynamic/Character/Animations/TPAnamationClips/Jump_From_Stand.uasset" 271
"../../../../../../Users/Lynx/Documents/Unreal Projects/05_TestingGrounds/TestingGrounds/Content/Dynamic/Character/Animations/TPAnamationClips/Walk_Bwd_Rifle_Ironsights.uasset" 272
"../../../../../../Users/Lynx/Documents/Unreal Projects/05_TestingGrounds/TestingGrounds/Content/Dynamic/Character/Animations/TPAnamationClips/Walk_Fwd_Rifle_Ironsights.uasset" 273
"../../../../../../Users/Lynx/Documents/Unreal Projects/05_TestingGrounds/TestingGrounds/Content/Dynamic/Character/Animations/TPAnamationClips/Walk_Lt_Rifle_Ironsights.uasset" 274
"../../../../../../Users/Lynx/Documents/Unreal Projects/05_TestingGrounds/TestingGrounds/Content/Dynamic/Character/Animations/TPAnamationClips/Walk_Rt_Rifle_Ironsights.uasset" 275
"../../../../../../Users/Lynx/Documents/Unreal Projects/05_TestingGrounds/TestingGrounds/Content/Dynamic/Character/Animations/BlandSpaces/Aiming_Walk.uasset" 276
"../../../../../../Users/Lynx/Documents/Unreal Projects/05_TestingGrounds/TestingGrounds/Content/Dynamic/Character/Animations/TPAnamationClips/Crouch_Walk_Bwd_Rifle_Hip.uasset" 277
"../../../../../../Users/Lynx/Documents/Unreal Projects/05_TestingGrounds/TestingGrounds/Content/Dynamic/Character/Animations/TPAnamationClips/Crouch_Walk_Fwd_Rifle_Hip.uasset" 278
"../../../../../../Users/Lynx/Documents/Unreal Projects/05_TestingGrounds/TestingGrounds/Content/Dynamic/Character/Animations/TPAnamationClips/Crouch_Walk_Lt_Rifle_Hip.uasset" 279
"../../../../../../Users/Lynx/Documents/Unreal Projects/05_TestingGrounds/TestingGrounds/Content/Dynamic/Character/Animations/TPAnamationClips/Crouch_Walk_Rt_Rifle_Hip.uasset" 280
"../../../../../../Users/Lynx/Documents/Unreal Projects/05_TestingGrounds/TestingGrounds/Content/Dynamic/Character/Animations/BlandSpaces/BS_CrouchWalk.uasset" 281
"../../../../../../Users/Lynx/Documents/Unreal Projects/05_TestingGrounds/TestingGrounds/Content/Dynamic/Character/Animations/TPAnamationClips/Jog_Bwd_Rifle.uasset" 282
"../../../../../../Users/Lynx/Documents/Unreal Projects/05_TestingGrounds/TestingGrounds/Content/Dynamic/Character/Animations/TPAnamationClips/Jog_Fwd_Rifle.uasset" 283
"../../../../../../Users/Lynx/Documents/Unreal Projects/05_TestingGrounds/TestingGrounds/Content/Dynamic/Character/Animations/TPAnamationClips/Jog_Lt_Rifle.uasset" 284
"../../../../../../Users/Lynx/Documents/Unreal Projects/05_TestingGrounds/TestingGrounds/Content/Dynamic/Character/Animations/TPAnamationClips/Jog_Rt_Rifle.uasset" 285
"../../../../../../Users/Lynx/Documents/Unreal Projects/05_TestingGrounds/TestingGrounds/Content/Dynamic/Character/Animations/BlandSpaces/BS_Jog.uasset" 286
"../../../../../../Users/Lynx/Documents/Unreal Projects/05_TestingGrounds/TestingGrounds/Content/Dynamic/Character/Animations/PatrollingGuard.uasset" 287
"../../../../../../Users/Lynx/Documents/Unreal Projects/05_TestingGrounds/TestingGrounds/Content/Dynamic/Character/AI/Patrol.uasset" 288
"../../../../../../Users/Lynx/Documents/Unreal Projects/05_TestingGrounds/TestingGrounds/Content/Dynamic/Character/AI/ClearBlackBoardValue.uasset" 289
"../../../../../../Users/Lynx/Documents/Unreal Projects/05_TestingGrounds/TestingGrounds/Content/Dynamic/Character/AI/Suspicion.uasset" 290
"../../../../../../Users/Lynx/Documents/Unreal Projects/05_TestingGrounds/TestingGrounds/Content/Dynamic/Character/AI/IsWithinRange.uasset" 291
"../../../../../../Users/Lynx/Documents/Unreal Projects/05_TestingGrounds/TestingGrounds/Content/Dynamic/Character/AI/Shoot.uasset" 292
"../../../../../../Users/Lynx/Documents/Unreal Projects/05_TestingGrounds/TestingGrounds/Content/Dynamic/Character/AI/UpdateLastLocation.uasset" 293
"../../../../../../Users/Lynx/Documents/Unreal Projects/05_TestingGrounds/TestingGrounds/Content/Dynamic/Character/AI/GuardBehaviour.uasset" 294
"../../../../../../Users/Lynx/Documents/Unreal Projects/05_TestingGrounds/TestingGrounds/Content/Dynamic/Character/AI/NPC_AI_BP.uasset" 295
"../../../../../../Users/Lynx/Documents/Unreal Projects/05_TestingGrounds/TestingGrounds/Content/Dynamic/Weapons/Behaviour/FireComponent.uasset" 296
"../../../Engine/Content/Functions/MaterialLayerFunctions/MatLayerBlend_AO.uasset" 297
"../../../../../../Users/Lynx/Documents/Unreal Projects/05_TestingGrounds/TestingGrounds/Content/Static/NPC/Character/Materials/MaterialLayers/T_ML_Rubber_Blue_01_D.uasset" 298
"../../../../../../Users/Lynx/Documents/Unreal Projects/05_TestingGrounds/TestingGrounds/Content/Static/NPC/Character/Materials/MaterialLayers/T_ML_Rubber_Blue_01_N.uasset" 299
"../../../../../../Users/Lynx/Documents/Unreal Projects/05_TestingGrounds/TestingGrounds/Content/Static/NPC/Character/Materials/MaterialLayers/ML_GlossyBlack_Latex_UE4.uasset" 300
"../../../../../../Users/Lynx/Documents/Unreal Projects/05_TestingGrounds/TestingGrounds/Content/Static/NPC/Character/Materials/MaterialLayers/ML_Plastic_Shiny_Beige.uasset" 301
"../../../../../../Users/Lynx/Documents/Unreal Projects/05_TestingGrounds/TestingGrounds/Content/Static/NPC/Character/Textures/UE4_LOGO_CARD.uasset" 302
"../../../../../../Users/Lynx/Documents/Unreal Projects/05_TestingGrounds/TestingGrounds/Content/Static/NPC/Character/Materials/MaterialLayers/ML_Plastic_Shiny_Beige_LOGO.uasset" 303
"../../../../../../Users/Lynx/Documents/Unreal Projects/05_TestingGrounds/TestingGrounds/Content/Static/NPC/Character/Materials/MaterialLayers/T_ML_Aluminum01.uasset" 304
"../../../../../../Users/Lynx/Documents/Unreal Projects/05_TestingGrounds/TestingGrounds/Content/Static/NPC/Character/Materials/MaterialLayers/T_ML_Aluminum01_N.uasset" 305
"../../../../../../Users/Lynx/Documents/Unreal Projects/05_TestingGrounds/TestingGrounds/Content/Static/NPC/Character/Materials/MaterialLayers/ML_SoftMetal_UE4.uasset" 306
"../../../../../../Users/Lynx/Documents/Unreal Projects/05_TestingGrounds/TestingGrounds/Content/Static/NPC/Character/Textures/UE4_Mannequin__normals.uasset" 307
"../../../../../../Users/Lynx/Documents/Unreal Projects/05_TestingGrounds/TestingGrounds/Content/Static/NPC/Character/Textures/UE4_Mannequin_MAT_MASKA.uasset" 308
"../../../../../../Users/Lynx/Documents/Unreal Projects/05_TestingGrounds/TestingGrounds/Content/Static/NPC/Character/Textures/UE4_Mannequin_occlusion_Mobile.uasset" 309
"../../../../../../Users/Lynx/Documents/Unreal Projects/05_TestingGrounds/TestingGrounds/Content/Static/NPC/Character/Materials/M_UE4Man_Body.uasset" 310
"../../../../../../Users/Lynx/Documents/Unreal Projects/05_TestingGrounds/TestingGrounds/Content/Static/NPC/Character/Materials/M_UE4Man_ChestLogo.uasset" 311
"../../../../../../Users/Lynx/Documents/Unreal Projects/05_TestingGrounds/TestingGrounds/Content/Static/NPC/Character/Mesh/SK_Mannequin_PhysicsAsset.uasset" 312
"../../../../../../Users/Lynx/Documents/Unreal Projects/05_TestingGrounds/TestingGrounds/Content/Static/NPC/Character/Mesh/SK_Mannequin.uasset" 313
"../../../../../../Users/Lynx/Documents/Unreal Projects/05_TestingGrounds/TestingGrounds/Content/Dynamic/Character/Behaviour/Character.uasset" 314
"../../../Engine/Content/EngineSky/C_Sky_Cloud_Color.uasset" 315
"../../../Engine/Content/EngineSky/C_Sky_Horizon_Color.uasset" 316
"../../../Engine/Content/EngineSky/C_Sky_Zenith_Color.uasset" 317
"../../../Engine/Content/EngineSky/T_Sky_Blue.uasset" 318
"../../../Engine/Content/EngineSky/T_Sky_Clouds_M.uasset" 319
"../../../Engine/Content/EngineSky/T_Sky_Stars.uasset" 320
"../../../Engine/Content/EngineSky/M_Sky_Panning_Clouds2.uasset" 321
"../../../Engine/Content/EngineSky/SM_SkySphere.uasset" 322
"../../../Engine/Content/EngineSky/BP_Sky_Sphere.uasset" 323
"../../../../../../Users/Lynx/Documents/Unreal Projects/05_TestingGrounds/TestingGrounds/Content/Dynamic/Levels/FirstPersonExampleMap_BuiltData.uasset" 324
"../../../../../../Users/Lynx/Documents/Unreal Projects/05_TestingGrounds/TestingGrounds/Content/Static/Geometry/Meshes/1M_Cube.uasset" 325
"../../../../../../Users/Lynx/Documents/Unreal Projects/05_TestingGrounds/TestingGrounds/Content/Dynamic/Levels/FirstPersonExampleMap.umap" 326
"../../../Engine/Content/Maps/Entry_BuiltData.uasset" 327
"../../../Engine/Content/Maps/Entry.umap" 328
